[[1;34mINFO[m] Scanning for projects...
[[1;34mINFO[m] 
[[1;34mINFO[m] [1m----------------------< [0;36mci.hardwork:auth-service[0;1m >----------------------[m
[[1;34mINFO[m] [1mBuilding auth-service 0.0.1-SNAPSHOT[m
[[1;34mINFO[m] [1m--------------------------------[ jar ]---------------------------------[m
[[1;34mINFO[m] 
[[1;34mINFO[m] [1m>>> [0;32mspring-boot-maven-plugin:3.5.4:run[m [1m(default-cli)[0;1m > [0;1mtest-compile[m @ [36mauth-service[0;1m >>>[m
[[1;34mINFO[m] 
[[1;34mINFO[m] [1m--- [0;32mmaven-resources-plugin:3.3.1:resources[m [1m(default-resources)[m @ [36mauth-service[0;1m ---[m
[[1;34mINFO[m] Copying 3 resources from src/main/resources to target/classes
[[1;34mINFO[m] Copying 0 resource from src/main/resources to target/classes
[[1;34mINFO[m] 
[[1;34mINFO[m] [1m--- [0;32mmaven-compiler-plugin:3.11.0:compile[m [1m(default-compile)[m @ [36mauth-service[0;1m ---[m
[[1;34mINFO[m] Nothing to compile - all classes are up to date
[[1;34mINFO[m] 
[[1;34mINFO[m] [1m--- [0;32mmaven-resources-plugin:3.3.1:testResources[m [1m(default-testResources)[m @ [36mauth-service[0;1m ---[m
[[1;34mINFO[m] Copying 1 resource from src/test/resources to target/test-classes
[[1;34mINFO[m] 
[[1;34mINFO[m] [1m--- [0;32mmaven-compiler-plugin:3.11.0:testCompile[m [1m(default-testCompile)[m @ [36mauth-service[0;1m ---[m
[[1;34mINFO[m] Changes detected - recompiling the module! :source
[[1;34mINFO[m] Compiling 5 source files with javac [debug release 17] to target/test-classes
[[1;34mINFO[m] 
[[1;34mINFO[m] [1m<<< [0;32mspring-boot-maven-plugin:3.5.4:run[m [1m(default-cli)[0;1m < [0;1mtest-compile[m @ [36mauth-service[0;1m <<<[m
[[1;34mINFO[m] 
[[1;34mINFO[m] 
[[1;34mINFO[m] [1m--- [0;32mspring-boot-maven-plugin:3.5.4:run[m [1m(default-cli)[m @ [36mauth-service[0;1m ---[m
[[1;34mINFO[m] Attaching agents: []

  .   ____          _            __ _ _
 /\\ / ___'_ __ _ _(_)_ __  __ _ \ \ \ \
( ( )\___ | '_ | '_| | '_ \/ _` | \ \ \ \
 \\/  ___)| |_)| | | | | || (_| |  ) ) ) )
  '  |____| .__|_| |_|_| |_\__, | / / / /
 =========|_|==============|___/=/_/_/_/

 :: Spring Boot ::                (v3.5.4)

2025-08-13 19:06:17 - Starting AuthServiceApplication using Java 21.0.8 with PID 342479 (/home/serge/Téléchargements/microtest/auth-service/target/classes started by serge in /home/serge/Téléchargements/microtest/auth-service)
2025-08-13 19:06:17 - Running with Spring Boot v3.5.4, Spring v6.2.9
2025-08-13 19:06:17 - The following 1 profile is active: "dev"
2025-08-13 19:06:19 - Bootstrapping Spring Data JPA repositories in DEFAULT mode.
2025-08-13 19:06:19 - Finished Spring Data repository scanning in 90 ms. Found 5 JPA repository interfaces.
2025-08-13 19:06:20 - Tomcat initialized with port 8081 (http)
2025-08-13 19:06:20 - Starting service [Tomcat]
2025-08-13 19:06:20 - Starting Servlet engine: [Apache Tomcat/10.1.43]
2025-08-13 19:06:21 - Initializing Spring embedded WebApplicationContext
2025-08-13 19:06:21 - Root WebApplicationContext: initialization completed in 3032 ms
2025-08-13 19:06:21 - HHH000204: Processing PersistenceUnitInfo [name: default]
2025-08-13 19:06:21 - HHH000412: Hibernate ORM core version 6.6.22.Final
2025-08-13 19:06:21 - HHH000026: Second-level cache disabled
2025-08-13 19:06:22 - No LoadTimeWeaver setup: ignoring JPA class transformer
2025-08-13 19:06:22 - HikariPool-1 - Starting...
2025-08-13 19:06:23 - HikariPool-1 - Added connection org.postgresql.jdbc.PgConnection@3205610d
2025-08-13 19:06:23 - HikariPool-1 - Start completed.
2025-08-13 19:06:23 - HHH90000025: PostgreSQLDialect does not need to be specified explicitly using 'hibernate.dialect' (remove the property setting and it will be selected by default)
2025-08-13 19:06:23 - HHH10001005: Database info:
	Database JDBC URL [Connecting through datasource 'HikariDataSource (HikariPool-1)']
	Database driver: undefined/unknown
	Database version: 16.9
	Autocommit mode: undefined/unknown
	Isolation level: undefined/unknown
	Minimum pool size: undefined/unknown
	Maximum pool size: undefined/unknown
2025-08-13 19:06:24 - HHH000489: No JTA platform available (set 'hibernate.transaction.jta.platform' to enable JTA platform integration)
Hibernate: 
    set client_min_messages = WARNING
Hibernate: 
    alter table if exists refresh_tokens 
       drop constraint if exists FK1lih5y2npsf8u5o3vhdb9y0os
Hibernate: 
    alter table if exists user_authorities 
       drop constraint if exists FKhiiib540jf74gksgb87oofni
Hibernate: 
    alter table if exists user_history 
       drop constraint if exists FKd8f7md75uuycl5mgtl394nqoi
Hibernate: 
    drop table if exists doctor_validation_requests cascade
Hibernate: 
    drop table if exists refresh_tokens cascade
Hibernate: 
    drop table if exists user_authorities cascade
Hibernate: 
    drop table if exists user_history cascade
Hibernate: 
    drop table if exists users cascade
Hibernate: 
    create table doctor_validation_requests (
        id bigint generated by default as identity,
        request_date timestamp(6) not null,
        user_id bigint,
        validated_by bigint,
        validation_date timestamp(6),
        email varchar(255) not null,
        first_name varchar(255) not null,
        last_name varchar(255) not null,
        license_number varchar(255) not null,
        rejection_reason varchar(255),
        speciality varchar(255) not null,
        status varchar(255) not null check (status in ('PENDING','APPROVED','REJECTED')),
        primary key (id)
    )
Hibernate: 
    create table refresh_tokens (
        created_at timestamp(6),
        expiry_date timestamp(6) not null,
        id bigint generated by default as identity,
        user_id bigint unique,
        token varchar(255) not null unique,
        primary key (id)
    )
Hibernate: 
    create table user_authorities (
        id bigint generated by default as identity,
        user_id bigint,
        authority varchar(255) check (authority in ('ADMIN','PATIENT','MEDECIN')),
        primary key (id)
    )
Hibernate: 
    create table user_history (
        action_date timestamp(6),
        id bigint generated by default as identity,
        user_id bigint,
        action varchar(255) check (action in ('LOGIN','LOGOUT','REGISTER','UPDATE','DELETE')),
        ip_address varchar(255),
        user_agent varchar(255),
        primary key (id)
    )
Hibernate: 
    create table users (
        is_account_non_expired boolean,
        is_account_non_locked boolean,
        is_credentials_non_expired boolean,
        is_enabled boolean,
        created_at timestamp(6),
        id bigint generated by default as identity,
        updated_at timestamp(6),
        email varchar(255) not null unique,
        first_name varchar(255),
        last_name varchar(255),
        password varchar(255) not null,
        username varchar(255) not null unique,
        primary key (id)
    )
Hibernate: 
    alter table if exists refresh_tokens 
       add constraint FK1lih5y2npsf8u5o3vhdb9y0os 
       foreign key (user_id) 
       references users
Hibernate: 
    alter table if exists user_authorities 
       add constraint FKhiiib540jf74gksgb87oofni 
       foreign key (user_id) 
       references users
Hibernate: 
    alter table if exists user_history 
       add constraint FKd8f7md75uuycl5mgtl394nqoi 
       foreign key (user_id) 
       references users
2025-08-13 19:06:24 - Initialized JPA EntityManagerFactory for persistence unit 'default'
2025-08-13 19:06:25 - Hibernate is in classpath; If applicable, HQL parser will be used.
2025-08-13 19:06:26 - Filter 'webMvcObservationFilter' configured for use
2025-08-13 19:06:26 - Filter 'authenticationJwtTokenFilter' configured for use
2025-08-13 19:06:26 - Global AuthenticationManager configured with AuthenticationProvider bean with name authenticationProvider
2025-08-13 19:06:26 - Global AuthenticationManager configured with an AuthenticationProvider bean. UserDetailsService beans will not be used by Spring Security for automatically configuring username/password login. Consider removing the AuthenticationProvider bean. Alternatively, consider using the UserDetailsService in a manually instantiated DaoAuthenticationProvider. If the current configuration is intentional, to turn off this warning, increase the logging level of 'org.springframework.security.config.annotation.authentication.configuration.InitializeUserDetailsBeanManagerConfigurer' to ERROR
2025-08-13 19:06:26 - spring.jpa.open-in-view is enabled by default. Therefore, database queries may be performed during view rendering. Explicitly configure spring.jpa.open-in-view to disable this warning
2025-08-13 19:06:27 - 23 mappings in 'requestMappingHandlerMapping'
2025-08-13 19:06:27 - Patterns [/webjars/**, /**, /swagger-ui*/*swagger-initializer.js, /swagger-ui*/**] in 'resourceHandlerMapping'
2025-08-13 19:06:27 - Exposing 3 endpoints beneath base path '/actuator'
2025-08-13 19:06:27 - Will secure any request with filters: DisableEncodeUrlFilter, WebAsyncManagerIntegrationFilter, SecurityContextHolderFilter, HeaderWriterFilter, CorsFilter, LogoutFilter, JwtAuthTokenFilter, RequestCacheAwareFilter, SecurityContextHolderAwareRequestFilter, AnonymousAuthenticationFilter, SessionManagementFilter, ExceptionTranslationFilter, AuthorizationFilter
2025-08-13 19:06:28 - ControllerAdvice beans: 0 @ModelAttribute, 0 @InitBinder, 1 RequestBodyAdvice, 1 ResponseBodyAdvice
2025-08-13 19:06:28 - ControllerAdvice beans: 2 @ExceptionHandler, 1 ResponseBodyAdvice
2025-08-13 19:06:28 - Exception encountered during context initialization - cancelling refresh attempt: org.springframework.context.ApplicationContextException: Failed to start bean 'webServerStartStop'
2025-08-13 19:06:28 - Closing JPA EntityManagerFactory for persistence unit 'default'
Hibernate: 
    set client_min_messages = WARNING
Hibernate: 
    alter table if exists refresh_tokens 
       drop constraint if exists FK1lih5y2npsf8u5o3vhdb9y0os
Hibernate: 
    alter table if exists user_authorities 
       drop constraint if exists FKhiiib540jf74gksgb87oofni
Hibernate: 
    alter table if exists user_history 
       drop constraint if exists FKd8f7md75uuycl5mgtl394nqoi
Hibernate: 
    drop table if exists doctor_validation_requests cascade
Hibernate: 
    drop table if exists refresh_tokens cascade
Hibernate: 
    drop table if exists user_authorities cascade
Hibernate: 
    drop table if exists user_history cascade
Hibernate: 
    drop table if exists users cascade
2025-08-13 19:06:28 - HikariPool-1 - Shutdown initiated...
2025-08-13 19:06:28 - HikariPool-1 - Shutdown completed.
2025-08-13 19:06:28 - 

Error starting ApplicationContext. To display the condition evaluation report re-run your application with 'debug' enabled.
2025-08-13 19:06:28 - Application run failed
org.springframework.context.ApplicationContextException: Failed to start bean 'webServerStartStop'
	at org.springframework.context.support.DefaultLifecycleProcessor.doStart(DefaultLifecycleProcessor.java:408)
	at org.springframework.context.support.DefaultLifecycleProcessor.doStart(DefaultLifecycleProcessor.java:394)
	at org.springframework.context.support.DefaultLifecycleProcessor$LifecycleGroup.start(DefaultLifecycleProcessor.java:586)
	at java.base/java.lang.Iterable.forEach(Iterable.java:75)
	at org.springframework.context.support.DefaultLifecycleProcessor.startBeans(DefaultLifecycleProcessor.java:364)
	at org.springframework.context.support.DefaultLifecycleProcessor.onRefresh(DefaultLifecycleProcessor.java:310)
	at org.springframework.context.support.AbstractApplicationContext.finishRefresh(AbstractApplicationContext.java:1006)
	at org.springframework.context.support.AbstractApplicationContext.refresh(AbstractApplicationContext.java:630)
	at org.springframework.boot.web.servlet.context.ServletWebServerApplicationContext.refresh(ServletWebServerApplicationContext.java:146)
	at org.springframework.boot.SpringApplication.refresh(SpringApplication.java:752)
	at org.springframework.boot.SpringApplication.refreshContext(SpringApplication.java:439)
	at org.springframework.boot.SpringApplication.run(SpringApplication.java:318)
	at org.springframework.boot.SpringApplication.run(SpringApplication.java:1361)
	at org.springframework.boot.SpringApplication.run(SpringApplication.java:1350)
	at ci.hardwork.authservice.AuthServiceApplication.main(AuthServiceApplication.java:10)
Caused by: org.springframework.boot.web.server.WebServerException: Unable to start embedded Tomcat server
	at org.springframework.boot.web.embedded.tomcat.TomcatWebServer.start(TomcatWebServer.java:251)
	at org.springframework.boot.web.servlet.context.WebServerStartStopLifecycle.start(WebServerStartStopLifecycle.java:44)
	at org.springframework.context.support.DefaultLifecycleProcessor.doStart(DefaultLifecycleProcessor.java:405)
	... 14 common frames omitted
Caused by: java.lang.IllegalArgumentException: standardService.connector.startFailed
	at org.apache.catalina.core.StandardService.addConnector(StandardService.java:222)
	at org.springframework.boot.web.embedded.tomcat.TomcatWebServer.addPreviouslyRemovedConnectors(TomcatWebServer.java:310)
	at org.springframework.boot.web.embedded.tomcat.TomcatWebServer.start(TomcatWebServer.java:236)
	... 16 common frames omitted
Caused by: org.apache.catalina.LifecycleException: Protocol handler start failed
	at org.apache.catalina.connector.Connector.startInternal(Connector.java:1106)
	at org.apache.catalina.util.LifecycleBase.start(LifecycleBase.java:164)
	at org.apache.catalina.core.StandardService.addConnector(StandardService.java:219)
	... 18 common frames omitted
Caused by: java.net.BindException: Adresse déjà utilisée
	at java.base/sun.nio.ch.Net.bind0(Native Method)
	at java.base/sun.nio.ch.Net.bind(Net.java:565)
	at java.base/sun.nio.ch.ServerSocketChannelImpl.netBind(ServerSocketChannelImpl.java:344)
	at java.base/sun.nio.ch.ServerSocketChannelImpl.bind(ServerSocketChannelImpl.java:301)
	at org.apache.tomcat.util.net.NioEndpoint.initServerSocket(NioEndpoint.java:266)
	at org.apache.tomcat.util.net.NioEndpoint.bind(NioEndpoint.java:221)
	at org.apache.tomcat.util.net.AbstractEndpoint.bindWithCleanup(AbstractEndpoint.java:1399)
	at org.apache.tomcat.util.net.AbstractEndpoint.start(AbstractEndpoint.java:1482)
	at org.apache.coyote.AbstractProtocol.start(AbstractProtocol.java:644)
	at org.apache.catalina.connector.Connector.startInternal(Connector.java:1103)
	... 20 common frames omitted
[[1;34mINFO[m] [1m------------------------------------------------------------------------[m
[[1;34mINFO[m] [1;31mBUILD FAILURE[m
[[1;34mINFO[m] [1m------------------------------------------------------------------------[m
[[1;34mINFO[m] Total time:  16.382 s
[[1;34mINFO[m] Finished at: 2025-08-13T19:06:28Z
[[1;34mINFO[m] [1m------------------------------------------------------------------------[m
[[1;31mERROR[m] Failed to execute goal [32morg.springframework.boot:spring-boot-maven-plugin:3.5.4:run[m [1m(default-cli)[m on project [36mauth-service[m: [1;31mProcess terminated with exit code: 1[m -> [1m[Help 1][m
[[1;31mERROR[m] 
[[1;31mERROR[m] To see the full stack trace of the errors, re-run Maven with the [1m-e[m switch.
[[1;31mERROR[m] Re-run Maven using the [1m-X[m switch to enable full debug logging.
[[1;31mERROR[m] 
[[1;31mERROR[m] For more information about the errors and possible solutions, please read the following articles:
[[1;31mERROR[m] [1m[Help 1][m http://cwiki.apache.org/confluence/display/MAVEN/MojoExecutionException
