[[1;34mINFO[m] Scanning for projects...
[[1;34mINFO[m] 
[[1;34mINFO[m] [1m----------------------< [0;36mci.hardwork:auth-service[0;1m >----------------------[m
[[1;34mINFO[m] [1mBuilding auth-service 0.0.1-SNAPSHOT[m
[[1;34mINFO[m] [1m--------------------------------[ jar ]---------------------------------[m
[[1;34mINFO[m] 
[[1;34mINFO[m] [1m>>> [0;32mspring-boot-maven-plugin:3.5.4:run[m [1m(default-cli)[0;1m > [0;1mtest-compile[m @ [36mauth-service[0;1m >>>[m
[[1;34mINFO[m] 
[[1;34mINFO[m] [1m--- [0;32mmaven-resources-plugin:3.3.1:resources[m [1m(default-resources)[m @ [36mauth-service[0;1m ---[m
[[1;34mINFO[m] Copying 3 resources from src/main/resources to target/classes
[[1;34mINFO[m] Copying 0 resource from src/main/resources to target/classes
[[1;34mINFO[m] 
[[1;34mINFO[m] [1m--- [0;32mmaven-compiler-plugin:3.11.0:compile[m [1m(default-compile)[m @ [36mauth-service[0;1m ---[m
[[1;34mINFO[m] Nothing to compile - all classes are up to date
[[1;34mINFO[m] 
[[1;34mINFO[m] [1m--- [0;32mmaven-resources-plugin:3.3.1:testResources[m [1m(default-testResources)[m @ [36mauth-service[0;1m ---[m
[[1;34mINFO[m] Copying 1 resource from src/test/resources to target/test-classes
[[1;34mINFO[m] 
[[1;34mINFO[m] [1m--- [0;32mmaven-compiler-plugin:3.11.0:testCompile[m [1m(default-testCompile)[m @ [36mauth-service[0;1m ---[m
[[1;34mINFO[m] Nothing to compile - all classes are up to date
[[1;34mINFO[m] 
[[1;34mINFO[m] [1m<<< [0;32mspring-boot-maven-plugin:3.5.4:run[m [1m(default-cli)[0;1m < [0;1mtest-compile[m @ [36mauth-service[0;1m <<<[m
[[1;34mINFO[m] 
[[1;34mINFO[m] 
[[1;34mINFO[m] [1m--- [0;32mspring-boot-maven-plugin:3.5.4:run[m [1m(default-cli)[m @ [36mauth-service[0;1m ---[m
[[1;34mINFO[m] Attaching agents: []

  .   ____          _            __ _ _
 /\\ / ___'_ __ _ _(_)_ __  __ _ \ \ \ \
( ( )\___ | '_ | '_| | '_ \/ _` | \ \ \ \
 \\/  ___)| |_)| | | | | || (_| |  ) ) ) )
  '  |____| .__|_| |_|_| |_\__, | / / / /
 =========|_|==============|___/=/_/_/_/

 :: Spring Boot ::                (v3.5.4)

2025-08-12 18:34:34 - Starting AuthServiceApplication using Java 21.0.8 with PID 225971 (/home/serge/Téléchargements/microtest/auth-service/target/classes started by serge in /home/serge/Téléchargements/microtest/auth-service)
2025-08-12 18:34:34 - Running with Spring Boot v3.5.4, Spring v6.2.9
2025-08-12 18:34:34 - The following 1 profile is active: "dev"
2025-08-12 18:34:35 - Bootstrapping Spring Data JPA repositories in DEFAULT mode.
2025-08-12 18:34:35 - Finished Spring Data repository scanning in 78 ms. Found 4 JPA repository interfaces.
2025-08-12 18:34:36 - Tomcat initialized with port 8081 (http)
2025-08-12 18:34:36 - Starting service [Tomcat]
2025-08-12 18:34:36 - Starting Servlet engine: [Apache Tomcat/10.1.43]
2025-08-12 18:34:36 - Initializing Spring embedded WebApplicationContext
2025-08-12 18:34:36 - Root WebApplicationContext: initialization completed in 2608 ms
2025-08-12 18:34:37 - HHH000204: Processing PersistenceUnitInfo [name: default]
2025-08-12 18:34:37 - HHH000412: Hibernate ORM core version 6.6.22.Final
2025-08-12 18:34:37 - HHH000026: Second-level cache disabled
2025-08-12 18:34:37 - No LoadTimeWeaver setup: ignoring JPA class transformer
2025-08-12 18:34:37 - HikariPool-1 - Starting...
2025-08-12 18:34:38 - HikariPool-1 - Added connection org.postgresql.jdbc.PgConnection@41ddec69
2025-08-12 18:34:38 - HikariPool-1 - Start completed.
2025-08-12 18:34:38 - HHH90000025: PostgreSQLDialect does not need to be specified explicitly using 'hibernate.dialect' (remove the property setting and it will be selected by default)
2025-08-12 18:34:38 - HHH10001005: Database info:
	Database JDBC URL [Connecting through datasource 'HikariDataSource (HikariPool-1)']
	Database driver: undefined/unknown
	Database version: 16.9
	Autocommit mode: undefined/unknown
	Isolation level: undefined/unknown
	Minimum pool size: undefined/unknown
	Maximum pool size: undefined/unknown
2025-08-12 18:34:39 - HHH000489: No JTA platform available (set 'hibernate.transaction.jta.platform' to enable JTA platform integration)
Hibernate: 
    set client_min_messages = WARNING
Hibernate: 
    alter table if exists refresh_tokens 
       drop constraint if exists FK1lih5y2npsf8u5o3vhdb9y0os
Hibernate: 
    alter table if exists user_authorities 
       drop constraint if exists FKhiiib540jf74gksgb87oofni
Hibernate: 
    alter table if exists user_history 
       drop constraint if exists FKd8f7md75uuycl5mgtl394nqoi
Hibernate: 
    drop table if exists refresh_tokens cascade
Hibernate: 
    drop table if exists user_authorities cascade
Hibernate: 
    drop table if exists user_history cascade
Hibernate: 
    drop table if exists users cascade
Hibernate: 
    create table refresh_tokens (
        created_at timestamp(6),
        expiry_date timestamp(6) not null,
        id bigint generated by default as identity,
        user_id bigint unique,
        token varchar(255) not null unique,
        primary key (id)
    )
Hibernate: 
    create table user_authorities (
        id bigint generated by default as identity,
        user_id bigint,
        authority varchar(255) check (authority in ('ADMIN','PATIENT','DOCTOR')),
        primary key (id)
    )
Hibernate: 
    create table user_history (
        action_date timestamp(6),
        id bigint generated by default as identity,
        user_id bigint,
        action varchar(255) check (action in ('LOGIN','LOGOUT','REGISTER','UPDATE','DELETE')),
        ip_address varchar(255),
        user_agent varchar(255),
        primary key (id)
    )
Hibernate: 
    create table users (
        is_account_non_expired boolean,
        is_account_non_locked boolean,
        is_credentials_non_expired boolean,
        is_enabled boolean,
        created_at timestamp(6),
        id bigint generated by default as identity,
        updated_at timestamp(6),
        email varchar(255) not null unique,
        first_name varchar(255),
        last_name varchar(255),
        password varchar(255) not null,
        username varchar(255) not null unique,
        primary key (id)
    )
Hibernate: 
    alter table if exists refresh_tokens 
       add constraint FK1lih5y2npsf8u5o3vhdb9y0os 
       foreign key (user_id) 
       references users
Hibernate: 
    alter table if exists user_authorities 
       add constraint FKhiiib540jf74gksgb87oofni 
       foreign key (user_id) 
       references users
Hibernate: 
    alter table if exists user_history 
       add constraint FKd8f7md75uuycl5mgtl394nqoi 
       foreign key (user_id) 
       references users
2025-08-12 18:34:39 - Initialized JPA EntityManagerFactory for persistence unit 'default'
2025-08-12 18:34:40 - Filter 'webMvcObservationFilter' configured for use
2025-08-12 18:34:40 - Filter 'authenticationJwtTokenFilter' configured for use
2025-08-12 18:34:40 - Hibernate is in classpath; If applicable, HQL parser will be used.
2025-08-12 18:34:40 - Global AuthenticationManager configured with AuthenticationProvider bean with name authenticationProvider
2025-08-12 18:34:40 - Global AuthenticationManager configured with an AuthenticationProvider bean. UserDetailsService beans will not be used by Spring Security for automatically configuring username/password login. Consider removing the AuthenticationProvider bean. Alternatively, consider using the UserDetailsService in a manually instantiated DaoAuthenticationProvider. If the current configuration is intentional, to turn off this warning, increase the logging level of 'org.springframework.security.config.annotation.authentication.configuration.InitializeUserDetailsBeanManagerConfigurer' to ERROR
2025-08-12 18:34:41 - spring.jpa.open-in-view is enabled by default. Therefore, database queries may be performed during view rendering. Explicitly configure spring.jpa.open-in-view to disable this warning
2025-08-12 18:34:41 - 16 mappings in 'requestMappingHandlerMapping'
2025-08-12 18:34:41 - Patterns [/webjars/**, /**, /swagger-ui*/*swagger-initializer.js, /swagger-ui*/**] in 'resourceHandlerMapping'
2025-08-12 18:34:41 - Exposing 3 endpoints beneath base path '/actuator'
2025-08-12 18:34:41 - Will secure any request with filters: DisableEncodeUrlFilter, WebAsyncManagerIntegrationFilter, SecurityContextHolderFilter, HeaderWriterFilter, CorsFilter, LogoutFilter, RequestCacheAwareFilter, SecurityContextHolderAwareRequestFilter, AnonymousAuthenticationFilter, SessionManagementFilter, ExceptionTranslationFilter, AuthorizationFilter
2025-08-12 18:34:42 - ControllerAdvice beans: 0 @ModelAttribute, 0 @InitBinder, 1 RequestBodyAdvice, 1 ResponseBodyAdvice
2025-08-12 18:34:42 - ControllerAdvice beans: 2 @ExceptionHandler, 1 ResponseBodyAdvice
2025-08-12 18:34:42 - Tomcat started on port 8081 (http) with context path '/api'
2025-08-12 18:34:42 - Started AuthServiceApplication in 9.251 seconds (process running for 9.691)
2025-08-12 18:34:42 - Running scheduled task to clean expired refresh tokens
Hibernate: 
    delete 
    from
        refresh_tokens rt1_0 
    where
        rt1_0.expiry_date<?
2025-08-12 18:34:42 - Deleted expired refresh tokens
2025-08-12 19:22:38 - Initializing Spring DispatcherServlet 'dispatcherServlet'
2025-08-12 19:22:38 - Initializing Servlet 'dispatcherServlet'
2025-08-12 19:22:38 - Detected StandardServletMultipartResolver
2025-08-12 19:22:38 - Detected AcceptHeaderLocaleResolver
2025-08-12 19:22:38 - Detected FixedThemeResolver
2025-08-12 19:22:38 - Detected org.springframework.web.servlet.view.DefaultRequestToViewNameTranslator@6dac64ea
2025-08-12 19:22:38 - Detected org.springframework.web.servlet.support.SessionFlashMapManager@184b8899
2025-08-12 19:22:38 - enableLoggingRequestDetails='false': request parameters and headers will be masked to prevent unsafe logging of potentially sensitive data
2025-08-12 19:22:38 - Completed initialization in 6 ms
2025-08-12 19:22:38 - Securing GET /v3/api-docs
2025-08-12 19:22:38 - Set SecurityContextHolder to anonymous SecurityContext
2025-08-12 19:22:38 - Secured GET /v3/api-docs
2025-08-12 19:22:38 - GET "/api/v3/api-docs", parameters={}
2025-08-12 19:22:38 - Mapped to org.springdoc.webmvc.api.OpenApiWebMvcResource#openapiJson(HttpServletRequest, String, Locale)
2025-08-12 19:22:39 - Using @ExceptionHandler ci.hardwork.authservice.exception.GlobalExceptionHandler#handleGeneralException(Exception)
2025-08-12 19:22:39 - Using 'application/json', given [*/*] and supported [application/json, application/*+json, application/yaml]
2025-08-12 19:22:39 - Writing [MessageResponse(message=An internal error occurred)]
2025-08-12 19:22:39 - Resolved [jakarta.servlet.ServletException: Handler dispatch failed: java.lang.NoSuchMethodError: 'void org.springframework.web.method.ControllerAdviceBean.<init>(java.lang.Object)']
2025-08-12 19:22:39 - Completed 500 INTERNAL_SERVER_ERROR
2025-08-12 19:22:59 - Securing GET /v3/api-docs
2025-08-12 19:22:59 - Set SecurityContextHolder to anonymous SecurityContext
2025-08-12 19:22:59 - Secured GET /v3/api-docs
2025-08-12 19:22:59 - GET "/api/v3/api-docs", parameters={}
2025-08-12 19:22:59 - Mapped to org.springdoc.webmvc.api.OpenApiWebMvcResource#openapiJson(HttpServletRequest, String, Locale)
2025-08-12 19:22:59 - Using @ExceptionHandler ci.hardwork.authservice.exception.GlobalExceptionHandler#handleGeneralException(Exception)
2025-08-12 19:22:59 - Using 'application/json;q=0.8', given [text/html, application/xhtml+xml, image/avif, image/webp, image/apng, application/xml;q=0.9, */*;q=0.8, application/signed-exchange;v=b3;q=0.7] and supported [application/json, application/*+json, application/yaml]
2025-08-12 19:22:59 - Writing [MessageResponse(message=An internal error occurred)]
2025-08-12 19:22:59 - Resolved [jakarta.servlet.ServletException: Handler dispatch failed: java.lang.NoSuchMethodError: 'void org.springframework.web.method.ControllerAdviceBean.<init>(java.lang.Object)']
2025-08-12 19:22:59 - Completed 500 INTERNAL_SERVER_ERROR
2025-08-12 19:26:38 - Commencing graceful shutdown. Waiting for active requests to complete
2025-08-12 19:26:38 - Graceful shutdown complete
2025-08-12 19:26:38 - Closing JPA EntityManagerFactory for persistence unit 'default'
Hibernate: 
    set client_min_messages = WARNING
Hibernate: 
    alter table if exists refresh_tokens 
       drop constraint if exists FK1lih5y2npsf8u5o3vhdb9y0os
Hibernate: 
    alter table if exists user_authorities 
       drop constraint if exists FKhiiib540jf74gksgb87oofni
Hibernate: 
    alter table if exists user_history 
       drop constraint if exists FKd8f7md75uuycl5mgtl394nqoi
Hibernate: 
    drop table if exists refresh_tokens cascade
Hibernate: 
    drop table if exists user_authorities cascade
Hibernate: 
    drop table if exists user_history cascade
Hibernate: 
    drop table if exists users cascade
2025-08-12 19:26:38 - HikariPool-1 - Shutdown initiated...
2025-08-12 19:26:38 - HikariPool-1 - Shutdown completed.
[[1;34mINFO[m] [1m------------------------------------------------------------------------[m
[[1;34mINFO[m] [1;31mBUILD FAILURE[m
[[1;34mINFO[m] [1m------------------------------------------------------------------------[m
[[1;34mINFO[m] Total time:  52:08 min
[[1;34mINFO[m] Finished at: 2025-08-12T19:26:38Z
[[1;34mINFO[m] [1m------------------------------------------------------------------------[m
[[1;31mERROR[m] Failed to execute goal [32morg.springframework.boot:spring-boot-maven-plugin:3.5.4:run[m [1m(default-cli)[m on project [36mauth-service[m: [1;31mProcess terminated with exit code: 143[m -> [1m[Help 1][m
[[1;31mERROR[m] 
[[1;31mERROR[m] To see the full stack trace of the errors, re-run Maven with the [1m-e[m switch.
[[1;31mERROR[m] Re-run Maven using the [1m-X[m switch to enable full debug logging.
[[1;31mERROR[m] 
[[1;31mERROR[m] For more information about the errors and possible solutions, please read the following articles:
[[1;31mERROR[m] [1m[Help 1][m http://cwiki.apache.org/confluence/display/MAVEN/MojoExecutionException
