[[1;34mINFO[m] Scanning for projects...
[[1;34mINFO[m] 
[[1;34mINFO[m] [1m----------------------< [0;36mci.hardwork:auth-service[0;1m >----------------------[m
[[1;34mINFO[m] [1mBuilding auth-service 0.0.1-SNAPSHOT[m
[[1;34mINFO[m] [1m--------------------------------[ jar ]---------------------------------[m
[[1;34mINFO[m] 
[[1;34mINFO[m] [1m>>> [0;32mspring-boot-maven-plugin:3.5.4:run[m [1m(default-cli)[0;1m > [0;1mtest-compile[m @ [36mauth-service[0;1m >>>[m
[[1;34mINFO[m] 
[[1;34mINFO[m] [1m--- [0;32mmaven-resources-plugin:3.3.1:resources[m [1m(default-resources)[m @ [36mauth-service[0;1m ---[m
[[1;34mINFO[m] Copying 3 resources from src/main/resources to target/classes
[[1;34mINFO[m] Copying 0 resource from src/main/resources to target/classes
[[1;34mINFO[m] 
[[1;34mINFO[m] [1m--- [0;32mmaven-compiler-plugin:3.11.0:compile[m [1m(default-compile)[m @ [36mauth-service[0;1m ---[m
[[1;34mINFO[m] Changes detected - recompiling the module! :source
[[1;34mINFO[m] Compiling 36 source files with javac [debug release 17] to target/classes
[[1;33mWARNING[m] Implicitly compiled files were not subject to annotation processing.
  Use -implicit to specify a policy for implicit compilation.
[[1;34mINFO[m] /home/serge/Téléchargements/microtest/auth-service/src/main/java/ci/hardwork/authservice/security/WebSecurityConfig.java: /home/serge/Téléchargements/microtest/auth-service/src/main/java/ci/hardwork/authservice/security/WebSecurityConfig.java uses or overrides a deprecated API.
[[1;34mINFO[m] /home/serge/Téléchargements/microtest/auth-service/src/main/java/ci/hardwork/authservice/security/WebSecurityConfig.java: Recompile with -Xlint:deprecation for details.
[[1;34mINFO[m] 
[[1;34mINFO[m] [1m--- [0;32mmaven-resources-plugin:3.3.1:testResources[m [1m(default-testResources)[m @ [36mauth-service[0;1m ---[m
[[1;34mINFO[m] Copying 1 resource from src/test/resources to target/test-classes
[[1;34mINFO[m] 
[[1;34mINFO[m] [1m--- [0;32mmaven-compiler-plugin:3.11.0:testCompile[m [1m(default-testCompile)[m @ [36mauth-service[0;1m ---[m
[[1;34mINFO[m] Changes detected - recompiling the module! :dependency
[[1;34mINFO[m] Compiling 5 source files with javac [debug release 17] to target/test-classes
[[1;34mINFO[m] 
[[1;34mINFO[m] [1m<<< [0;32mspring-boot-maven-plugin:3.5.4:run[m [1m(default-cli)[0;1m < [0;1mtest-compile[m @ [36mauth-service[0;1m <<<[m
[[1;34mINFO[m] 
[[1;34mINFO[m] 
[[1;34mINFO[m] [1m--- [0;32mspring-boot-maven-plugin:3.5.4:run[m [1m(default-cli)[m @ [36mauth-service[0;1m ---[m
[[1;34mINFO[m] Attaching agents: []

  .   ____          _            __ _ _
 /\\ / ___'_ __ _ _(_)_ __  __ _ \ \ \ \
( ( )\___ | '_ | '_| | '_ \/ _` | \ \ \ \
 \\/  ___)| |_)| | | | | || (_| |  ) ) ) )
  '  |____| .__|_| |_|_| |_\__, | / / / /
 =========|_|==============|___/=/_/_/_/

 :: Spring Boot ::                (v3.5.4)

2025-08-12 19:28:20 - Starting AuthServiceApplication using Java 21.0.8 with PID 232525 (/home/serge/Téléchargements/microtest/auth-service/target/classes started by serge in /home/serge/Téléchargements/microtest/auth-service)
2025-08-12 19:28:20 - Running with Spring Boot v3.5.4, Spring v6.2.9
2025-08-12 19:28:20 - The following 1 profile is active: "dev"
2025-08-12 19:28:21 - Bootstrapping Spring Data JPA repositories in DEFAULT mode.
2025-08-12 19:28:21 - Finished Spring Data repository scanning in 75 ms. Found 4 JPA repository interfaces.
2025-08-12 19:28:22 - Tomcat initialized with port 8081 (http)
2025-08-12 19:28:22 - Starting service [Tomcat]
2025-08-12 19:28:22 - Starting Servlet engine: [Apache Tomcat/10.1.43]
2025-08-12 19:28:22 - Initializing Spring embedded WebApplicationContext
2025-08-12 19:28:22 - Root WebApplicationContext: initialization completed in 1840 ms
2025-08-12 19:28:22 - HHH000204: Processing PersistenceUnitInfo [name: default]
2025-08-12 19:28:22 - HHH000412: Hibernate ORM core version 6.6.22.Final
2025-08-12 19:28:22 - HHH000026: Second-level cache disabled
2025-08-12 19:28:22 - No LoadTimeWeaver setup: ignoring JPA class transformer
2025-08-12 19:28:22 - HikariPool-1 - Starting...
2025-08-12 19:28:23 - HikariPool-1 - Added connection org.postgresql.jdbc.PgConnection@11b14ae3
2025-08-12 19:28:23 - HikariPool-1 - Start completed.
2025-08-12 19:28:23 - HHH90000025: PostgreSQLDialect does not need to be specified explicitly using 'hibernate.dialect' (remove the property setting and it will be selected by default)
2025-08-12 19:28:23 - HHH10001005: Database info:
	Database JDBC URL [Connecting through datasource 'HikariDataSource (HikariPool-1)']
	Database driver: undefined/unknown
	Database version: 16.9
	Autocommit mode: undefined/unknown
	Isolation level: undefined/unknown
	Minimum pool size: undefined/unknown
	Maximum pool size: undefined/unknown
2025-08-12 19:28:23 - HHH000489: No JTA platform available (set 'hibernate.transaction.jta.platform' to enable JTA platform integration)
Hibernate: 
    set client_min_messages = WARNING
Hibernate: 
    alter table if exists refresh_tokens 
       drop constraint if exists FK1lih5y2npsf8u5o3vhdb9y0os
Hibernate: 
    alter table if exists user_authorities 
       drop constraint if exists FKhiiib540jf74gksgb87oofni
Hibernate: 
    alter table if exists user_history 
       drop constraint if exists FKd8f7md75uuycl5mgtl394nqoi
Hibernate: 
    drop table if exists refresh_tokens cascade
Hibernate: 
    drop table if exists user_authorities cascade
Hibernate: 
    drop table if exists user_history cascade
Hibernate: 
    drop table if exists users cascade
Hibernate: 
    create table refresh_tokens (
        created_at timestamp(6),
        expiry_date timestamp(6) not null,
        id bigint generated by default as identity,
        user_id bigint unique,
        token varchar(255) not null unique,
        primary key (id)
    )
Hibernate: 
    create table user_authorities (
        id bigint generated by default as identity,
        user_id bigint,
        authority varchar(255) check (authority in ('ADMIN','PATIENT','DOCTOR')),
        primary key (id)
    )
Hibernate: 
    create table user_history (
        action_date timestamp(6),
        id bigint generated by default as identity,
        user_id bigint,
        action varchar(255) check (action in ('LOGIN','LOGOUT','REGISTER','UPDATE','DELETE')),
        ip_address varchar(255),
        user_agent varchar(255),
        primary key (id)
    )
Hibernate: 
    create table users (
        is_account_non_expired boolean,
        is_account_non_locked boolean,
        is_credentials_non_expired boolean,
        is_enabled boolean,
        created_at timestamp(6),
        id bigint generated by default as identity,
        updated_at timestamp(6),
        email varchar(255) not null unique,
        first_name varchar(255),
        last_name varchar(255),
        password varchar(255) not null,
        username varchar(255) not null unique,
        primary key (id)
    )
Hibernate: 
    alter table if exists refresh_tokens 
       add constraint FK1lih5y2npsf8u5o3vhdb9y0os 
       foreign key (user_id) 
       references users
Hibernate: 
    alter table if exists user_authorities 
       add constraint FKhiiib540jf74gksgb87oofni 
       foreign key (user_id) 
       references users
Hibernate: 
    alter table if exists user_history 
       add constraint FKd8f7md75uuycl5mgtl394nqoi 
       foreign key (user_id) 
       references users
2025-08-12 19:28:23 - Initialized JPA EntityManagerFactory for persistence unit 'default'
2025-08-12 19:28:24 - Filter 'webMvcObservationFilter' configured for use
2025-08-12 19:28:24 - Filter 'authenticationJwtTokenFilter' configured for use
2025-08-12 19:28:24 - Hibernate is in classpath; If applicable, HQL parser will be used.
2025-08-12 19:28:24 - Global AuthenticationManager configured with AuthenticationProvider bean with name authenticationProvider
2025-08-12 19:28:24 - Global AuthenticationManager configured with an AuthenticationProvider bean. UserDetailsService beans will not be used by Spring Security for automatically configuring username/password login. Consider removing the AuthenticationProvider bean. Alternatively, consider using the UserDetailsService in a manually instantiated DaoAuthenticationProvider. If the current configuration is intentional, to turn off this warning, increase the logging level of 'org.springframework.security.config.annotation.authentication.configuration.InitializeUserDetailsBeanManagerConfigurer' to ERROR
2025-08-12 19:28:24 - spring.jpa.open-in-view is enabled by default. Therefore, database queries may be performed during view rendering. Explicitly configure spring.jpa.open-in-view to disable this warning
2025-08-12 19:28:24 - 16 mappings in 'requestMappingHandlerMapping'
2025-08-12 19:28:25 - Patterns [/webjars/**, /**, /swagger-ui*/*swagger-initializer.js, /swagger-ui*/**] in 'resourceHandlerMapping'
2025-08-12 19:28:25 - Exposing 3 endpoints beneath base path '/actuator'
2025-08-12 19:28:25 - Will secure any request with filters: DisableEncodeUrlFilter, WebAsyncManagerIntegrationFilter, SecurityContextHolderFilter, HeaderWriterFilter, CorsFilter, LogoutFilter, JwtAuthTokenFilter, RequestCacheAwareFilter, SecurityContextHolderAwareRequestFilter, AnonymousAuthenticationFilter, SessionManagementFilter, ExceptionTranslationFilter, AuthorizationFilter
2025-08-12 19:28:25 - ControllerAdvice beans: 0 @ModelAttribute, 0 @InitBinder, 1 RequestBodyAdvice, 1 ResponseBodyAdvice
2025-08-12 19:28:25 - ControllerAdvice beans: 2 @ExceptionHandler, 1 ResponseBodyAdvice
2025-08-12 19:28:25 - Tomcat started on port 8081 (http) with context path '/api'
2025-08-12 19:28:25 - Started AuthServiceApplication in 5.674 seconds (process running for 5.917)
2025-08-12 19:28:25 - Running scheduled task to clean expired refresh tokens
Hibernate: 
    delete 
    from
        refresh_tokens rt1_0 
    where
        rt1_0.expiry_date<?
2025-08-12 19:28:25 - Deleted expired refresh tokens
2025-08-12 19:29:54 - Initializing Spring DispatcherServlet 'dispatcherServlet'
2025-08-12 19:29:54 - Initializing Servlet 'dispatcherServlet'
2025-08-12 19:29:54 - Detected StandardServletMultipartResolver
2025-08-12 19:29:54 - Detected AcceptHeaderLocaleResolver
2025-08-12 19:29:54 - Detected FixedThemeResolver
2025-08-12 19:29:54 - Detected org.springframework.web.servlet.view.DefaultRequestToViewNameTranslator@5fb6fdb8
2025-08-12 19:29:54 - Detected org.springframework.web.servlet.support.SessionFlashMapManager@42ff5c92
2025-08-12 19:29:54 - enableLoggingRequestDetails='false': request parameters and headers will be masked to prevent unsafe logging of potentially sensitive data
2025-08-12 19:29:54 - Completed initialization in 3 ms
2025-08-12 19:29:54 - Securing GET /v3/api-docs
2025-08-12 19:29:54 - Set SecurityContextHolder to anonymous SecurityContext
2025-08-12 19:29:54 - Secured GET /v3/api-docs
2025-08-12 19:29:54 - GET "/api/v3/api-docs", parameters={}
2025-08-12 19:29:54 - Mapped to org.springdoc.webmvc.api.OpenApiWebMvcResource#openapiJson(HttpServletRequest, String, Locale)
2025-08-12 19:29:54 - Init duration for springdoc-openapi is: 374 ms
2025-08-12 19:29:54 - Using 'application/json', given [*/*] and supported [application/json]
2025-08-12 19:29:54 - Writing [{123, 34, 111, 112, 101, 110, 97, 112, 105, 34, 58, 34, 51, 46, 48, 46, 49, 34, 44, 34, 105, 110, 10 (truncated)...]
2025-08-12 19:29:54 - Completed 200 OK
2025-08-12 19:30:34 - Securing GET /swagger-ui.html
2025-08-12 19:30:34 - Set SecurityContextHolder to anonymous SecurityContext
2025-08-12 19:30:34 - Secured GET /swagger-ui.html
2025-08-12 19:30:34 - GET "/api/swagger-ui.html", parameters={}
2025-08-12 19:30:34 - Mapped to org.springdoc.webmvc.ui.SwaggerWelcomeWebMvc#redirectToUi(HttpServletRequest)
2025-08-12 19:30:34 - Using 'application/json;q=0.8', given [text/html, application/xhtml+xml, image/avif, image/webp, image/apng, application/xml;q=0.9, */*;q=0.8, application/signed-exchange;v=b3;q=0.7] and supported [application/json, application/*+json, application/yaml]
2025-08-12 19:30:34 - Nothing to write: null body
2025-08-12 19:30:34 - Completed 302 FOUND
2025-08-12 19:30:34 - Securing GET /swagger-ui/index.html
2025-08-12 19:30:34 - Set SecurityContextHolder to anonymous SecurityContext
2025-08-12 19:30:34 - Secured GET /swagger-ui/index.html
2025-08-12 19:30:34 - GET "/api/swagger-ui/index.html", parameters={}
2025-08-12 19:30:34 - Mapped to ResourceHttpRequestHandler [classpath [META-INF/resources/webjars/]]
2025-08-12 19:30:34 - Completed 200 OK
2025-08-12 19:30:34 - Securing GET /swagger-ui/swagger-ui.css
2025-08-12 19:30:34 - Securing GET /swagger-ui/swagger-ui-bundle.js
2025-08-12 19:30:34 - Set SecurityContextHolder to anonymous SecurityContext
2025-08-12 19:30:34 - Securing GET /swagger-ui/swagger-initializer.js
2025-08-12 19:30:34 - Set SecurityContextHolder to anonymous SecurityContext
2025-08-12 19:30:34 - Securing GET /swagger-ui/swagger-ui-standalone-preset.js
2025-08-12 19:30:34 - Secured GET /swagger-ui/swagger-ui.css
2025-08-12 19:30:34 - GET "/api/swagger-ui/swagger-ui.css", parameters={}
2025-08-12 19:30:34 - Set SecurityContextHolder to anonymous SecurityContext
2025-08-12 19:30:34 - Secured GET /swagger-ui/swagger-ui-bundle.js
2025-08-12 19:30:34 - GET "/api/swagger-ui/swagger-ui-bundle.js", parameters={}
2025-08-12 19:30:34 - Set SecurityContextHolder to anonymous SecurityContext
2025-08-12 19:30:34 - Mapped to ResourceHttpRequestHandler [classpath [META-INF/resources/webjars/]]
2025-08-12 19:30:34 - Secured GET /swagger-ui/swagger-initializer.js
2025-08-12 19:30:34 - Mapped to ResourceHttpRequestHandler [classpath [META-INF/resources/webjars/]]
2025-08-12 19:30:34 - GET "/api/swagger-ui/swagger-initializer.js", parameters={}
2025-08-12 19:30:34 - Mapped to ResourceHttpRequestHandler [classpath [META-INF/resources/webjars/]]
2025-08-12 19:30:34 - Securing GET /swagger-ui/index.css
2025-08-12 19:30:34 - Set SecurityContextHolder to anonymous SecurityContext
2025-08-12 19:30:34 - Secured GET /swagger-ui/index.css
2025-08-12 19:30:34 - Secured GET /swagger-ui/swagger-ui-standalone-preset.js
2025-08-12 19:30:34 - GET "/api/swagger-ui/swagger-ui-standalone-preset.js", parameters={}
2025-08-12 19:30:34 - GET "/api/swagger-ui/index.css", parameters={}
2025-08-12 19:30:34 - Mapped to ResourceHttpRequestHandler [classpath [META-INF/resources/webjars/]]
2025-08-12 19:30:34 - Mapped to ResourceHttpRequestHandler [classpath [META-INF/resources/webjars/]]
2025-08-12 19:30:34 - Completed 200 OK
2025-08-12 19:30:34 - Completed 200 OK
2025-08-12 19:30:34 - Completed 200 OK
2025-08-12 19:30:34 - Completed 200 OK
2025-08-12 19:30:34 - Completed 200 OK
2025-08-12 19:30:34 - Securing GET /v3/api-docs/swagger-config
2025-08-12 19:30:34 - Set SecurityContextHolder to anonymous SecurityContext
2025-08-12 19:30:34 - Secured GET /v3/api-docs/swagger-config
2025-08-12 19:30:34 - GET "/api/v3/api-docs/swagger-config", parameters={}
2025-08-12 19:30:34 - Mapped to org.springdoc.webmvc.ui.SwaggerConfigResource#openapiJson(HttpServletRequest)
2025-08-12 19:30:34 - Using 'application/json', given [*/*] and supported [application/json]
2025-08-12 19:30:34 - Writing [{configUrl=/api/v3/api-docs/swagger-config, oauth2RedirectUrl=http://localhost:8081/api/swagger-ui/o (truncated)...]
2025-08-12 19:30:34 - Completed 200 OK
2025-08-12 19:30:34 - Securing GET /v3/api-docs
2025-08-12 19:30:34 - Set SecurityContextHolder to anonymous SecurityContext
2025-08-12 19:30:34 - Secured GET /v3/api-docs
2025-08-12 19:30:34 - GET "/api/v3/api-docs", parameters={}
2025-08-12 19:30:34 - Mapped to org.springdoc.webmvc.api.OpenApiWebMvcResource#openapiJson(HttpServletRequest, String, Locale)
2025-08-12 19:30:34 - Fetching openApi document from cache
2025-08-12 19:30:35 - Using 'application/json', given [application/json, */*] and supported [application/json]
2025-08-12 19:30:35 - Writing [{123, 34, 111, 112, 101, 110, 97, 112, 105, 34, 58, 34, 51, 46, 48, 46, 49, 34, 44, 34, 105, 110, 10 (truncated)...]
2025-08-12 19:30:35 - Completed 200 OK
2025-08-12 20:28:25 - Running scheduled task to clean expired refresh tokens
Hibernate: 
    delete 
    from
        refresh_tokens rt1_0 
    where
        rt1_0.expiry_date<?
2025-08-12 20:28:25 - Deleted expired refresh tokens
2025-08-12 21:28:25 - Running scheduled task to clean expired refresh tokens
Hibernate: 
    delete 
    from
        refresh_tokens rt1_0 
    where
        rt1_0.expiry_date<?
2025-08-12 21:28:25 - Deleted expired refresh tokens
2025-08-12 22:28:25 - Running scheduled task to clean expired refresh tokens
Hibernate: 
    delete 
    from
        refresh_tokens rt1_0 
    where
        rt1_0.expiry_date<?
2025-08-12 22:28:25 - Deleted expired refresh tokens
2025-08-12 23:28:25 - Running scheduled task to clean expired refresh tokens
Hibernate: 
    delete 
    from
        refresh_tokens rt1_0 
    where
        rt1_0.expiry_date<?
2025-08-12 23:28:25 - Deleted expired refresh tokens
2025-08-13 00:28:25 - Running scheduled task to clean expired refresh tokens
Hibernate: 
    delete 
    from
        refresh_tokens rt1_0 
    where
        rt1_0.expiry_date<?
2025-08-13 00:28:25 - Deleted expired refresh tokens
2025-08-13 01:28:25 - Running scheduled task to clean expired refresh tokens
Hibernate: 
    delete 
    from
        refresh_tokens rt1_0 
    where
        rt1_0.expiry_date<?
2025-08-13 01:28:25 - Deleted expired refresh tokens
2025-08-13 13:01:53 - Running scheduled task to clean expired refresh tokens
Hibernate: 
    delete 
    from
        refresh_tokens rt1_0 
    where
        rt1_0.expiry_date<?
2025-08-13 13:01:53 - Deleted expired refresh tokens
2025-08-13 13:09:31 - Securing GET /v3/api-docs
2025-08-13 13:09:31 - Set SecurityContextHolder to anonymous SecurityContext
2025-08-13 13:09:31 - Secured GET /v3/api-docs
2025-08-13 13:09:31 - GET "/api/v3/api-docs", parameters={}
2025-08-13 13:09:31 - Mapped to org.springdoc.webmvc.api.OpenApiWebMvcResource#openapiJson(HttpServletRequest, String, Locale)
2025-08-13 13:09:31 - Fetching openApi document from cache
2025-08-13 13:09:31 - Using 'application/json', given [application/json] and supported [application/json]
2025-08-13 13:09:31 - Writing [{123, 34, 111, 112, 101, 110, 97, 112, 105, 34, 58, 34, 51, 46, 48, 46, 49, 34, 44, 34, 105, 110, 10 (truncated)...]
2025-08-13 13:09:31 - Completed 200 OK
2025-08-13 13:10:17 - Securing POST /auth/signup
2025-08-13 13:10:17 - Set SecurityContextHolder to anonymous SecurityContext
2025-08-13 13:10:17 - Secured POST /auth/signup
2025-08-13 13:10:17 - POST "/api/auth/signup", parameters={}
2025-08-13 13:10:17 - Mapped to ci.hardwork.authservice.web.controller.AuthController#registerUser(RegisterRequest, HttpServletRequest)
2025-08-13 13:10:18 - Read "application/json;charset=UTF-8" to [RegisterRequest(username=testuser, password=testpass123, email=test@example.com, firstName=Test, las (truncated)...]
2025-08-13 13:10:18 - Registration attempt for user: testuser
Hibernate: 
    select
        u1_0.id 
    from
        users u1_0 
    where
        u1_0.username=? 
    fetch
        first ? rows only
2025-08-13 13:10:18 - SQL Error: 0, SQLState: 42P01
2025-08-13 13:10:18 - ERROR: relation "users" does not exist
  Position : 21
2025-08-13 13:10:18 - Registration failed for user: testuser - Error: JDBC exception executing SQL [select u1_0.id from users u1_0 where u1_0.username=? fetch first ? rows only] [ERROR: relation "users" does not exist
  Position : 21] [n/a]; SQL [n/a]
2025-08-13 13:10:18 - Using 'application/json', given [*/*] and supported [application/json, application/*+json, application/yaml]
2025-08-13 13:10:18 - Writing [MessageResponse(message=Error: JDBC exception executing SQL [select u1_0.id from users u1_0 where u1 (truncated)...]
2025-08-13 13:10:18 - Completed 400 BAD_REQUEST
2025-08-13 13:19:23 - Securing POST /auth/signup
2025-08-13 13:19:23 - Set SecurityContextHolder to anonymous SecurityContext
2025-08-13 13:19:23 - Secured POST /auth/signup
2025-08-13 13:19:23 - POST "/api/auth/signup", parameters={}
2025-08-13 13:19:23 - Mapped to ci.hardwork.authservice.web.controller.AuthController#registerUser(RegisterRequest, HttpServletRequest)
2025-08-13 13:19:23 - Read "application/json;charset=UTF-8" to [RegisterRequest(username=testuser, password=testpass123, email=test@example.com, firstName=Test, las (truncated)...]
2025-08-13 13:19:23 - Registration attempt for user: testuser
Hibernate: 
    select
        u1_0.id 
    from
        users u1_0 
    where
        u1_0.username=? 
    fetch
        first ? rows only
2025-08-13 13:19:23 - SQL Error: 0, SQLState: 42P01
2025-08-13 13:19:23 - ERROR: relation "users" does not exist
  Position : 21
2025-08-13 13:19:23 - Registration failed for user: testuser - Error: JDBC exception executing SQL [select u1_0.id from users u1_0 where u1_0.username=? fetch first ? rows only] [ERROR: relation "users" does not exist
  Position : 21] [n/a]; SQL [n/a]
2025-08-13 13:19:23 - Using 'application/json', given [*/*] and supported [application/json, application/*+json, application/yaml]
2025-08-13 13:19:23 - Writing [MessageResponse(message=Error: JDBC exception executing SQL [select u1_0.id from users u1_0 where u1 (truncated)...]
2025-08-13 13:19:23 - Completed 400 BAD_REQUEST
2025-08-13 13:24:27 - Commencing graceful shutdown. Waiting for active requests to complete
2025-08-13 13:24:27 - Graceful shutdown complete
2025-08-13 13:24:27 - Closing JPA EntityManagerFactory for persistence unit 'default'
Hibernate: 
    set client_min_messages = WARNING
Hibernate: 
    alter table if exists refresh_tokens 
       drop constraint if exists FK1lih5y2npsf8u5o3vhdb9y0os
Hibernate: 
    alter table if exists user_authorities 
       drop constraint if exists FKhiiib540jf74gksgb87oofni
Hibernate: 
    alter table if exists user_history 
       drop constraint if exists FKd8f7md75uuycl5mgtl394nqoi
Hibernate: 
    drop table if exists refresh_tokens cascade
Hibernate: 
    drop table if exists user_authorities cascade
Hibernate: 
    drop table if exists user_history cascade
Hibernate: 
    drop table if exists users cascade
2025-08-13 13:24:27 - HikariPool-1 - Shutdown initiated...
2025-08-13 13:24:27 - HikariPool-1 - Shutdown completed.
